<?xml version="1.0" encoding="UTF-8"?>
<testng-results skipped="0" failed="0" ignored="0" total="1" passed="1">
  <reporter-output>
  </reporter-output>
  <suite name="Suite" duration-ms="13610" started-at="2020-02-13T04:24:33Z" finished-at="2020-02-13T04:24:47Z">
    <groups>
      <group name="cucumber">
        <method signature="Runner.feature(cucumber.api.testng.CucumberFeatureWrapper)[pri:0, instance:runner.Runner@9f70c54]" name="feature" class="runner.Runner"/>
      </group> <!-- cucumber -->
    </groups>
    <test name="Test1" duration-ms="13610" started-at="2020-02-13T04:24:33Z" finished-at="2020-02-13T04:24:47Z">
      <class name="runner.Runner">
        <test-method status="PASS" signature="setUpClass()[pri:0, instance:runner.Runner@9f70c54]" name="setUpClass" is-config="true" duration-ms="250" started-at="2020-02-13T04:24:33Z" finished-at="2020-02-13T04:24:34Z">
          <reporter-output>
          </reporter-output>
        </test-method> <!-- setUpClass -->
        <test-method status="PASS" signature="feature(cucumber.api.testng.CucumberFeatureWrapper)[pri:0, instance:runner.Runner@9f70c54]" name="feature" duration-ms="13270" started-at="2020-02-13T04:24:34Z" description="Runs Cucumber Feature" data-provider="features" finished-at="2020-02-13T04:24:47Z">
          <params>
            <param index="0">
              <value>
                <![CDATA[Demo Borland]]>
              </value>
            </param>
          </params>
          <reporter-output>
          </reporter-output>
        </test-method> <!-- feature -->
        <test-method status="PASS" signature="tearDownClass()[pri:0, instance:runner.Runner@9f70c54]" name="tearDownClass" is-config="true" duration-ms="11" started-at="2020-02-13T04:24:47Z" finished-at="2020-02-13T04:24:47Z">
          <reporter-output>
          </reporter-output>
        </test-method> <!-- tearDownClass -->
      </class> <!-- runner.Runner -->
    </test> <!-- Test1 -->
  </suite> <!-- Suite -->
</testng-results>
